<?xml version="1.0" encoding="UTF-8"?>
<testng-results skipped="0" failed="0" total="1" passed="1">
  <reporter-output>
  </reporter-output>
  <suite name="Suite" duration-ms="72605" started-at="2020-03-12T13:28:08Z" finished-at="2020-03-12T13:29:21Z">
    <groups>
    </groups>
    <test name="Test" duration-ms="72605" started-at="2020-03-12T13:28:08Z" finished-at="2020-03-12T13:29:21Z">
      <class name="Com.TestCase.SeleniumTestAssert">
        <test-method status="PASS" signature="launch()[pri:0, instance:Com.TestCase.SeleniumTestAssert@32d992b2]" name="launch" is-config="true" duration-ms="51543" started-at="2020-03-12T18:58:08Z" finished-at="2020-03-12T18:59:00Z">
          <reporter-output>
          </reporter-output>
        </test-method> <!-- launch -->
        <test-method status="PASS" signature="testdata()[pri:0, instance:Com.TestCase.SeleniumTestAssert@32d992b2]" name="testdata" duration-ms="19309" started-at="2020-03-12T18:59:00Z" finished-at="2020-03-12T18:59:19Z">
          <reporter-output>
          </reporter-output>
        </test-method> <!-- testdata -->
        <test-method status="PASS" signature="close()[pri:0, instance:Com.TestCase.SeleniumTestAssert@32d992b2]" name="close" is-config="true" duration-ms="1627" started-at="2020-03-12T18:59:19Z" finished-at="2020-03-12T18:59:21Z">
          <reporter-output>
          </reporter-output>
        </test-method> <!-- close -->
      </class> <!-- Com.TestCase.SeleniumTestAssert -->
    </test> <!-- Test -->
  </suite> <!-- Suite -->
</testng-results>
